<?xml version="1.0" encoding="UTF-8"?>
<testsuite xmlns:xsi="http://www.w3.org/2001/XMLSchema-instance" xsi:noNamespaceSchemaLocation="https://maven.apache.org/surefire/maven-surefire-plugin/xsd/surefire-test-report-3.0.xsd" version="3.0" name="v4.TimerPanelTest" time="12.004" tests="6" errors="0" skipped="0" failures="0">
  <properties>
[...]
</properties>
  <testcase name="validateFirstTextField" classname="v4.TimerPanelTest" time="0.459"/>
  <testcase name="pauseCountDown" classname="v4.TimerPanelTest" time="5.421">
    <system-err><![CDATA[Alarm is going off.
Thread-6 is in state TIMED_WAITING
]]></system-err>
  </testcase>
  <testcase name="validateThirdTextField" classname="v4.TimerPanelTest" time="0.341"/>
  <testcase name="performCountDownWith5Seconds" classname="v4.TimerPanelTest" time="5.328"/>
  <testcase name="resetTimerFields" classname="v4.TimerPanelTest" time="0.145"/>
  <testcase name="validateSecondTextField" classname="v4.TimerPanelTest" time="0.212"/>
</testsuite>