-------------------------------------------------------------------------------
Test set: v4.ClockTest
-------------------------------------------------------------------------------
Tests run: 2, Failures: 2, Errors: 0, Skipped: 0, Time elapsed: 12.717 s <<< FAILURE! - in v4.ClockTest
v4.ClockTest.testClockBecomesAMWhenMidnightStarts  Time elapsed: 1.84 s  <<< FAILURE!
java.lang.AssertionError: Hours should be 12 expected:<12> but was:<11>
	at v4.ClockTest.testClockBecomesAMWhenMidnightStarts(ClockTest.java:68)

v4.ClockTest.testClocksCalendarIsSetupProperly  Time elapsed: 0.006 s  <<< FAILURE!
java.lang.AssertionError: Hours should be 0 expected:<0> but was:<11>
	at v4.ClockTest.testClocksCalendarIsSetupProperly(ClockTest.java:45)

